Using pre-set license
Built from '2020.3/staging' branch; Version is '2020.3.6f1 (338bb68529b2) revision 3378102'; Using compiler version '192528614'; Build Type 'Release'
OS: 'Windows 10 Home Single Language; OS build 18363.418; Version 1909; 64bit' Language: 'en' Physical Memory: 14213 MB
BatchMode: 1, IsHumanControllingUs: 0, StartBugReporterOnCrash: 0, Is64bit: 1, IsPro: 0

 COMMAND LINE ARGUMENTS:
C:\Program Files\Unity\Editor\Unity.exe
-adb2
-batchMode
-noUpm
-name
AssetImportWorker0
-projectPath
D:/Libraries/Documents/GitHub/A-2019610003
-logFile
Logs/AssetImportWorker0.log
-srvPort
49685
Successfully changed project path to: D:/Libraries/Documents/GitHub/A-2019610003
D:/Libraries/Documents/GitHub/A-2019610003
Using Asset Import Pipeline V2.
Refreshing native plugins compatible for Editor in 123.15 ms, found 0 plugins.
Preloading 0 native plugins for Editor in 0.00 ms.
Initialize engine version: 2020.3.6f1 (338bb68529b2)
[Subsystems] Discovering subsystems at path C:/Program Files/Unity/Editor/Data/Resources/UnitySubsystems
[Subsystems] Discovering subsystems at path D:/Libraries/Documents/GitHub/A-2019610003/Assets
GfxDevice: creating device client; threaded=0
Direct3D:
    Version:  Direct3D 11.0 [level 11.1]
    Renderer: NVIDIA GeForce GTX 1650 (ID=0x1f91)
    Vendor:   
    VRAM:     3962 MB
    Driver:   27.21.14.6280
Initialize mono
Mono path[0] = 'C:/Program Files/Unity/Editor/Data/Managed'
Mono path[1] = 'C:/Program Files/Unity/Editor/Data/MonoBleedingEdge/lib/mono/unityjit'
Mono config path = 'C:/Program Files/Unity/Editor/Data/MonoBleedingEdge/etc'
Using monoOptions --debugger-agent=transport=dt_socket,embedding=1,server=y,suspend=n,address=127.0.0.1:56128
Begin MonoManager ReloadAssembly
Registering precompiled unity dll's ...
Register platform support module: C:/Program Files/Unity/Editor/Data/PlaybackEngines/WindowsStandaloneSupport/UnityEditor.WindowsStandalone.Extensions.dll
Registered in 0.004289 seconds.
Native extension for WindowsStandalone target not found
Refreshing native plugins compatible for Editor in 164.80 ms, found 0 plugins.
Preloading 0 native plugins for Editor in 0.00 ms.
Mono: successfully reloaded assembly
- Completed reload, in  2.847 seconds
Platform modules already initialized, skipping
Registering precompiled user dll's ...
Registered in 0.003157 seconds.
Begin MonoManager ReloadAssembly
Native extension for WindowsStandalone target not found
Refreshing native plugins compatible for Editor in 1.45 ms, found 0 plugins.
Preloading 0 native plugins for Editor in 0.00 ms.
Mono: successfully reloaded assembly
- Completed reload, in  2.377 seconds
Platform modules already initialized, skipping
========================================================================
Worker process is ready to serve import requests
Launched and connected shader compiler UnityShaderCompiler.exe after 0.11 seconds
Refreshing native plugins compatible for Editor in 2.36 ms, found 0 plugins.
Preloading 0 native plugins for Editor in 0.00 ms.
Unloading 1372 Unused Serialized files (Serialized files now loaded: 0)
System memory in use before: 109.4 MB.
System memory in use after: 109.1 MB.

Unloading 11 unused Assets to reduce memory usage. Loaded Objects now: 1862.
Total: 7.007700 ms (FindLiveObjects: 0.411900 ms CreateObjectMapping: 0.089300 ms MarkObjects: 5.165600 ms  DeleteObjects: 1.335700 ms)

========================================================================
Received Import Request.
  path: Assets/SwampBridge4k/swamp-bridge-4k-ready_2016.fbx
  artifactKey: Guid(ed899fe25319dc24480dad214abd0444) Importer(815301076,1909f56bfc062723c751e8b465ee728b)
Start importing Assets/SwampBridge4k/swamp-bridge-4k-ready_2016.fbx using Guid(ed899fe25319dc24480dad214abd0444) Importer(815301076,1909f56bfc062723c751e8b465ee728b)  -> (artifact id: '0d74ce0fcb8ade5223d50d735691f889') in 0.993510 seconds
  Import took 1.015902 seconds .

========================================================================
Received Import Request.
  Time since last request: 0.000495 seconds.
  path: Assets/SwampBridge4k/swamp-bridge-4k-ready_2016.fbm
  artifactKey: Guid(056a8e8209b420346a7c2d604fe2cded) Importer(815301076,1909f56bfc062723c751e8b465ee728b)
Start importing Assets/SwampBridge4k/swamp-bridge-4k-ready_2016.fbm using Guid(056a8e8209b420346a7c2d604fe2cded) Importer(815301076,1909f56bfc062723c751e8b465ee728b)  -> (artifact id: 'a347f82fed628cf6a4005682c6f17ee4') in 0.020034 seconds
  Import took 0.047833 seconds .

========================================================================
Received Prepare
Registering precompiled user dll's ...
Registered in 0.002221 seconds.
Begin MonoManager ReloadAssembly
Native extension for WindowsStandalone target not found
Refreshing native plugins compatible for Editor in 1.77 ms, found 0 plugins.
Preloading 0 native plugins for Editor in 0.00 ms.
Mono: successfully reloaded assembly
- Completed reload, in  2.346 seconds
Platform modules already initialized, skipping
Refreshing native plugins compatible for Editor in 1.56 ms, found 0 plugins.
Preloading 0 native plugins for Editor in 0.00 ms.
Unloading 1332 Unused Serialized files (Serialized files now loaded: 0)
System memory in use before: 125.3 MB.
System memory in use after: 108.6 MB.

Unloading 14 unused Assets to reduce memory usage. Loaded Objects now: 1880.
Total: 11.065200 ms (FindLiveObjects: 0.691700 ms CreateObjectMapping: 0.225200 ms MarkObjects: 6.084600 ms  DeleteObjects: 4.059400 ms)

========================================================================
Received Import Request.
  Time since last request: 630.824743 seconds.
  path: Assets/SwampBridge4k/swamp-bridge-4k-ready_2016.fbm/BottomRailsNormal.jpg
  artifactKey: Guid(ccb6641168968bc4ab7c360c5080bbed) Importer(815301076,1909f56bfc062723c751e8b465ee728b)
Start importing Assets/SwampBridge4k/swamp-bridge-4k-ready_2016.fbm/BottomRailsNormal.jpg using Guid(ccb6641168968bc4ab7c360c5080bbed) Importer(815301076,1909f56bfc062723c751e8b465ee728b)  -> (artifact id: 'cb39eec0596b857490c0e6b1cecf3cc1') in 0.118919 seconds
  Import took 0.139612 seconds .

========================================================================
Received Import Request.
  Time since last request: 0.000406 seconds.
  path: Assets/SwampBridge4k/swamp-bridge-4k-ready_2016.fbm/DeckBoards-Set2Surface_Color.jpg
  artifactKey: Guid(2ee25bd479eaf9a4aa6759f98e89ec42) Importer(815301076,1909f56bfc062723c751e8b465ee728b)
Start importing Assets/SwampBridge4k/swamp-bridge-4k-ready_2016.fbm/DeckBoards-Set2Surface_Color.jpg using Guid(2ee25bd479eaf9a4aa6759f98e89ec42) Importer(815301076,1909f56bfc062723c751e8b465ee728b)  -> (artifact id: '2c8374ec3ae78647de77468ac0152411') in 0.054133 seconds
  Import took 0.079290 seconds .

========================================================================
Received Import Request.
  Time since last request: 0.000435 seconds.
  path: Assets/SwampBridge4k/swamp-bridge-4k-ready_2016.fbm/TopRailsSurface_Color.jpg
  artifactKey: Guid(90e1529f5b4e7ef4bab3acdb97b8fea7) Importer(815301076,1909f56bfc062723c751e8b465ee728b)
Start importing Assets/SwampBridge4k/swamp-bridge-4k-ready_2016.fbm/TopRailsSurface_Color.jpg using Guid(90e1529f5b4e7ef4bab3acdb97b8fea7) Importer(815301076,1909f56bfc062723c751e8b465ee728b)  -> (artifact id: '9ecb92cf6092b52857c246f83d13cf59') in 0.050369 seconds
  Import took 0.059789 seconds .

========================================================================
Received Import Request.
  Time since last request: 0.000554 seconds.
  path: Assets/SwampBridge4k/swamp-bridge-4k-ready_2016.fbm/SupportPosts-RightNormal.jpg
  artifactKey: Guid(05b6ec83c58b09146b6960ae02d2ba5c) Importer(815301076,1909f56bfc062723c751e8b465ee728b)
Start importing Assets/SwampBridge4k/swamp-bridge-4k-ready_2016.fbm/SupportPosts-RightNormal.jpg using Guid(05b6ec83c58b09146b6960ae02d2ba5c) Importer(815301076,1909f56bfc062723c751e8b465ee728b)  -> (artifact id: '3485a2a7ae2f20a2a1261ea5449ab7ca') in 0.033222 seconds
  Import took 0.039545 seconds .

========================================================================
Received Import Request.
  Time since last request: 0.000599 seconds.
  path: Assets/SwampBridge4k/swamp-bridge-4k-ready_2016.fbm/SupportPosts-RightSurface_Color.jpg
  artifactKey: Guid(96fd97a375158ee419cd494c6a78d6d5) Importer(815301076,1909f56bfc062723c751e8b465ee728b)
Start importing Assets/SwampBridge4k/swamp-bridge-4k-ready_2016.fbm/SupportPosts-RightSurface_Color.jpg using Guid(96fd97a375158ee419cd494c6a78d6d5) Importer(815301076,1909f56bfc062723c751e8b465ee728b)  -> (artifact id: '634e4b123cf564b90b09dfbf6924701d') in 0.026646 seconds
  Import took 0.049086 seconds .

========================================================================
Received Import Request.
  Time since last request: 0.000488 seconds.
  path: Assets/SwampBridge4k/swamp-bridge-4k-ready_2016.fbm/DeckBoards-Set1Surface_Color.jpg
  artifactKey: Guid(1027d15fe18a1eb479f0736bc590baf8) Importer(815301076,1909f56bfc062723c751e8b465ee728b)
Start importing Assets/SwampBridge4k/swamp-bridge-4k-ready_2016.fbm/DeckBoards-Set1Surface_Color.jpg using Guid(1027d15fe18a1eb479f0736bc590baf8) Importer(815301076,1909f56bfc062723c751e8b465ee728b)  -> (artifact id: '3ac85a8fc763628a887088eec03fdc10') in 0.027238 seconds
  Import took 0.032768 seconds .

========================================================================
Received Import Request.
  Time since last request: 0.000484 seconds.
  path: Assets/SwampBridge4k/swamp-bridge-4k-ready_2016.fbm/DeckBoards-Set1Normal.jpg
  artifactKey: Guid(c6ac52ac16c80154d8ea0b2e559975d8) Importer(815301076,1909f56bfc062723c751e8b465ee728b)
Start importing Assets/SwampBridge4k/swamp-bridge-4k-ready_2016.fbm/DeckBoards-Set1Normal.jpg using Guid(c6ac52ac16c80154d8ea0b2e559975d8) Importer(815301076,1909f56bfc062723c751e8b465ee728b)  -> (artifact id: '856d52e5c50545453ee999a1b7db31a8') in 0.031146 seconds
  Import took 0.044264 seconds .

========================================================================
Received Import Request.
  Time since last request: 0.000475 seconds.
  path: Assets/SwampBridge4k/swamp-bridge-4k-ready_2016.fbm/DeckBoards-Set3Normal.jpg
  artifactKey: Guid(f9d12850b7d010145823fdbaf61263bd) Importer(815301076,1909f56bfc062723c751e8b465ee728b)
Start importing Assets/SwampBridge4k/swamp-bridge-4k-ready_2016.fbm/DeckBoards-Set3Normal.jpg using Guid(f9d12850b7d010145823fdbaf61263bd) Importer(815301076,1909f56bfc062723c751e8b465ee728b)  -> (artifact id: '9b816a08c1062c950d90abb935b5d6e5') in 0.029112 seconds
  Import took 0.035442 seconds .

========================================================================
Received Import Request.
  Time since last request: 0.000489 seconds.
  path: Assets/SwampBridge4k/swamp-bridge-4k-ready_2016.fbm/DeckBoards-Set2Normal.jpg
  artifactKey: Guid(eb1d20409f6406f4099efb09268dfb45) Importer(815301076,1909f56bfc062723c751e8b465ee728b)
Start importing Assets/SwampBridge4k/swamp-bridge-4k-ready_2016.fbm/DeckBoards-Set2Normal.jpg using Guid(eb1d20409f6406f4099efb09268dfb45) Importer(815301076,1909f56bfc062723c751e8b465ee728b)  -> (artifact id: '4ad0922120bc60985c3f3307f2fb295e') in 0.048040 seconds
  Import took 0.054056 seconds .

========================================================================
Received Import Request.
  Time since last request: 0.000485 seconds.
  path: Assets/SwampBridge4k/swamp-bridge-4k-ready_2016.fbm/SupportPosts-LeftSurface_Color.jpg
  artifactKey: Guid(78c4ca30f8a140345ae6fdf124559db6) Importer(815301076,1909f56bfc062723c751e8b465ee728b)
Start importing Assets/SwampBridge4k/swamp-bridge-4k-ready_2016.fbm/SupportPosts-LeftSurface_Color.jpg using Guid(78c4ca30f8a140345ae6fdf124559db6) Importer(815301076,1909f56bfc062723c751e8b465ee728b)  -> (artifact id: '9016849a59992ba21b471f11defc8273') in 0.027032 seconds
  Import took 0.044222 seconds .

========================================================================
Received Import Request.
  Time since last request: 0.000444 seconds.
  path: Assets/SwampBridge4k/swamp-bridge-4k-ready_2016.fbm/DeckBoards-Set3Surface_Color.jpg
  artifactKey: Guid(71f3ebc0e1770e5408a13ad29ef36e0f) Importer(815301076,1909f56bfc062723c751e8b465ee728b)
Start importing Assets/SwampBridge4k/swamp-bridge-4k-ready_2016.fbm/DeckBoards-Set3Surface_Color.jpg using Guid(71f3ebc0e1770e5408a13ad29ef36e0f) Importer(815301076,1909f56bfc062723c751e8b465ee728b)  -> (artifact id: '26be2289d10595a3d81d449a5cba3945') in 0.027267 seconds
  Import took 0.048057 seconds .

========================================================================
Received Import Request.
  Time since last request: 0.000516 seconds.
  path: Assets/SwampBridge4k/swamp-bridge-4k-ready_2016.fbm/SupportPosts-LeftNormal.jpg
  artifactKey: Guid(bfb3980f53d70ce41b68b488cb5c97f8) Importer(815301076,1909f56bfc062723c751e8b465ee728b)
Start importing Assets/SwampBridge4k/swamp-bridge-4k-ready_2016.fbm/SupportPosts-LeftNormal.jpg using Guid(bfb3980f53d70ce41b68b488cb5c97f8) Importer(815301076,1909f56bfc062723c751e8b465ee728b)  -> (artifact id: 'a36ff0a445720eed6d880b7fb907083f') in 0.029945 seconds
  Import took 0.043503 seconds .

========================================================================
Received Import Request.
  Time since last request: 0.000613 seconds.
  path: Assets/SwampBridge4k/swamp-bridge-4k-ready_2016.fbm/Ramp-UpperNormal.jpg
  artifactKey: Guid(e51e52940df99a64fb0463a55a43d5d8) Importer(815301076,1909f56bfc062723c751e8b465ee728b)
Start importing Assets/SwampBridge4k/swamp-bridge-4k-ready_2016.fbm/Ramp-UpperNormal.jpg using Guid(e51e52940df99a64fb0463a55a43d5d8) Importer(815301076,1909f56bfc062723c751e8b465ee728b)  -> (artifact id: '21555a946327a9436ced776da03476a9') in 0.030413 seconds
  Import took 0.040199 seconds .

========================================================================
Received Import Request.
  Time since last request: 0.000514 seconds.
  path: Assets/SwampBridge4k/swamp-bridge-4k-ready_2016.fbm/Ramp-LowerNormal.jpg
  artifactKey: Guid(13f9171260576ad4ba6982cc1de1b102) Importer(815301076,1909f56bfc062723c751e8b465ee728b)
Start importing Assets/SwampBridge4k/swamp-bridge-4k-ready_2016.fbm/Ramp-LowerNormal.jpg using Guid(13f9171260576ad4ba6982cc1de1b102) Importer(815301076,1909f56bfc062723c751e8b465ee728b)  -> (artifact id: '1a9b3c154ea2a6f071b6b9cc8434ba4d') in 0.031065 seconds
  Import took 0.051756 seconds .

========================================================================
Received Import Request.
  Time since last request: 0.000466 seconds.
  path: Assets/SwampBridge4k/swamp-bridge-4k-ready_2016.fbm/Ramp-UpperSurface_Color.jpg
  artifactKey: Guid(af0eebd189bb0e04ca143a3708579536) Importer(815301076,1909f56bfc062723c751e8b465ee728b)
Start importing Assets/SwampBridge4k/swamp-bridge-4k-ready_2016.fbm/Ramp-UpperSurface_Color.jpg using Guid(af0eebd189bb0e04ca143a3708579536) Importer(815301076,1909f56bfc062723c751e8b465ee728b)  -> (artifact id: 'ab8328a3aa06611053eba5118a5c9635') in 0.028909 seconds
  Import took 0.035180 seconds .

========================================================================
Received Import Request.
  Time since last request: 0.000443 seconds.
  path: Assets/SwampBridge4k/swamp-bridge-4k-ready_2016.fbm/BottomRailsSurface_Color.jpg
  artifactKey: Guid(0b63159ea2df00348a89e32a65532809) Importer(815301076,1909f56bfc062723c751e8b465ee728b)
Start importing Assets/SwampBridge4k/swamp-bridge-4k-ready_2016.fbm/BottomRailsSurface_Color.jpg using Guid(0b63159ea2df00348a89e32a65532809) Importer(815301076,1909f56bfc062723c751e8b465ee728b)  -> (artifact id: '15f0270d8c180e29ab0468534912133e') in 0.026858 seconds
  Import took 0.046752 seconds .

========================================================================
Received Import Request.
  Time since last request: 0.000409 seconds.
  path: Assets/SwampBridge4k/swamp-bridge-4k-ready_2016.fbm/Ramp-LowerSurface_Color.jpg
  artifactKey: Guid(89e23a88975e25644aa18d44d07802e9) Importer(815301076,1909f56bfc062723c751e8b465ee728b)
Start importing Assets/SwampBridge4k/swamp-bridge-4k-ready_2016.fbm/Ramp-LowerSurface_Color.jpg using Guid(89e23a88975e25644aa18d44d07802e9) Importer(815301076,1909f56bfc062723c751e8b465ee728b)  -> (artifact id: '5ddf19ab1e1f504e7444cd4269d25e0a') in 0.026577 seconds
  Import took 0.032591 seconds .

========================================================================
Received Import Request.
  Time since last request: 0.000462 seconds.
  path: Assets/SwampBridge4k/swamp-bridge-4k-ready_2016.fbm/TopRailsNormal.jpg
  artifactKey: Guid(4833300c4340ca546847844e68d3d6e4) Importer(815301076,1909f56bfc062723c751e8b465ee728b)
Start importing Assets/SwampBridge4k/swamp-bridge-4k-ready_2016.fbm/TopRailsNormal.jpg using Guid(4833300c4340ca546847844e68d3d6e4) Importer(815301076,1909f56bfc062723c751e8b465ee728b)  -> (artifact id: 'ace2d67670a579f1745100ee1fb97c55') in 0.031039 seconds
  Import took 0.037762 seconds .

========================================================================
Received Import Request.
  Time since last request: 21.161961 seconds.
  path: Assets/SwampBridge4k/Materials
  artifactKey: Guid(aee3e68c221ca5b4ea145f6985757d28) Importer(815301076,1909f56bfc062723c751e8b465ee728b)
Start importing Assets/SwampBridge4k/Materials using Guid(aee3e68c221ca5b4ea145f6985757d28) Importer(815301076,1909f56bfc062723c751e8b465ee728b)  -> (artifact id: 'f833719e30eb1e5b06e0adee7448b314') in 0.015576 seconds
  Import took 0.023543 seconds .

========================================================================
Received Import Request.
  Time since last request: 0.092028 seconds.
  path: Assets/SwampBridge4k/Materials/BottomRailsSurface_Color.mat
  artifactKey: Guid(a208291000f9b624fb205e147cd375c6) Importer(815301076,1909f56bfc062723c751e8b465ee728b)
Start importing Assets/SwampBridge4k/Materials/BottomRailsSurface_Color.mat using Guid(a208291000f9b624fb205e147cd375c6) Importer(815301076,1909f56bfc062723c751e8b465ee728b)  -> (artifact id: '1eac2e9265e3bab59e92d94be1c7e2e4') in 0.112964 seconds
  Import took 0.119666 seconds .

========================================================================
Received Import Request.
  Time since last request: 0.000399 seconds.
  path: Assets/SwampBridge4k/Materials/Ramp-LowerSurface_Color.mat
  artifactKey: Guid(a5dc982dcaaeefd478e944fca07d96f8) Importer(815301076,1909f56bfc062723c751e8b465ee728b)
Start importing Assets/SwampBridge4k/Materials/Ramp-LowerSurface_Color.mat using Guid(a5dc982dcaaeefd478e944fca07d96f8) Importer(815301076,1909f56bfc062723c751e8b465ee728b)  -> (artifact id: '403b28b0b6c2fb758658a094aba3a9f5') in 0.041084 seconds
  Import took 0.099838 seconds .

========================================================================
Received Import Request.
  Time since last request: 0.000427 seconds.
  path: Assets/SwampBridge4k/Materials/DeckBoards-Set3Surface_Color.mat
  artifactKey: Guid(22dba8ac61fe320498549eb1fa359055) Importer(815301076,1909f56bfc062723c751e8b465ee728b)
Start importing Assets/SwampBridge4k/Materials/DeckBoards-Set3Surface_Color.mat using Guid(22dba8ac61fe320498549eb1fa359055) Importer(815301076,1909f56bfc062723c751e8b465ee728b)  -> (artifact id: '1a733874dd3d4b4ae1cd81c91938ba98') in 0.040503 seconds
  Import took 0.048128 seconds .

========================================================================
Received Import Request.
  Time since last request: 0.000532 seconds.
  path: Assets/SwampBridge4k/Materials/Ramp-UpperSurface_Color.mat
  artifactKey: Guid(e34b8ff56a8d9bd4186b62ebafb941fa) Importer(815301076,1909f56bfc062723c751e8b465ee728b)
Start importing Assets/SwampBridge4k/Materials/Ramp-UpperSurface_Color.mat using Guid(e34b8ff56a8d9bd4186b62ebafb941fa) Importer(815301076,1909f56bfc062723c751e8b465ee728b)  -> (artifact id: '07582b90048b68f77c17b34e579fb156') in 0.044430 seconds
  Import took 0.054353 seconds .

========================================================================
Received Import Request.
  Time since last request: 0.000522 seconds.
  path: Assets/SwampBridge4k/Materials/SupportPosts-LeftSurface_Color.mat
  artifactKey: Guid(bfd5baa4e35afe54d9114ef120ddf2fc) Importer(815301076,1909f56bfc062723c751e8b465ee728b)
Start importing Assets/SwampBridge4k/Materials/SupportPosts-LeftSurface_Color.mat using Guid(bfd5baa4e35afe54d9114ef120ddf2fc) Importer(815301076,1909f56bfc062723c751e8b465ee728b)  -> (artifact id: '71f1022d00a268062e311717758634a8') in 0.045995 seconds
  Import took 0.064238 seconds .

========================================================================
Received Import Request.
  Time since last request: 0.000644 seconds.
  path: Assets/SwampBridge4k/Materials/SupportPosts-RightSurface_Color.mat
  artifactKey: Guid(ac52f8a9e548cf149a0f8dfc0e313b01) Importer(815301076,1909f56bfc062723c751e8b465ee728b)
Start importing Assets/SwampBridge4k/Materials/SupportPosts-RightSurface_Color.mat using Guid(ac52f8a9e548cf149a0f8dfc0e313b01) Importer(815301076,1909f56bfc062723c751e8b465ee728b)  -> (artifact id: '92dbeda224aa8d39b229a4d7f5298b49') in 0.045287 seconds
  Import took 0.056465 seconds .

========================================================================
Received Import Request.
  Time since last request: 0.000652 seconds.
  path: Assets/SwampBridge4k/Materials/DeckBoards-Set1Surface_Color.mat
  artifactKey: Guid(b183b9f10ece2674e8714a2de0a87489) Importer(815301076,1909f56bfc062723c751e8b465ee728b)
Start importing Assets/SwampBridge4k/Materials/DeckBoards-Set1Surface_Color.mat using Guid(b183b9f10ece2674e8714a2de0a87489) Importer(815301076,1909f56bfc062723c751e8b465ee728b)  -> (artifact id: '77575ce668f0cbfeb25235d708c5e9be') in 0.048257 seconds
  Import took 0.056995 seconds .

========================================================================
Received Import Request.
  Time since last request: 0.000507 seconds.
  path: Assets/SwampBridge4k/Materials/TopRailsSurface_Color.mat
  artifactKey: Guid(40e2d1afec8e0e248913d76596836044) Importer(815301076,1909f56bfc062723c751e8b465ee728b)
Start importing Assets/SwampBridge4k/Materials/TopRailsSurface_Color.mat using Guid(40e2d1afec8e0e248913d76596836044) Importer(815301076,1909f56bfc062723c751e8b465ee728b)  -> (artifact id: '24a867ebdc6c569e4466e99d693f5ff2') in 0.040546 seconds
  Import took 0.067878 seconds .

========================================================================
Received Import Request.
  Time since last request: 0.000565 seconds.
  path: Assets/SwampBridge4k/Materials/DeckBoards-Set2Surface_Color.mat
  artifactKey: Guid(d70cf34fe8ebce946af02e7491cc16bc) Importer(815301076,1909f56bfc062723c751e8b465ee728b)
Start importing Assets/SwampBridge4k/Materials/DeckBoards-Set2Surface_Color.mat using Guid(d70cf34fe8ebce946af02e7491cc16bc) Importer(815301076,1909f56bfc062723c751e8b465ee728b)  -> (artifact id: '88978a65d2bc32638fddb86a383201b6') in 0.049286 seconds
  Import took 0.056541 seconds .

========================================================================
Received Import Request.
  Time since last request: 304.433224 seconds.
  path: Assets/Conifers [BOTD]/Render Pipeline Support
  artifactKey: Guid(bf28865a6e5fab64c84db5fa4c2f7cae) Importer(815301076,1909f56bfc062723c751e8b465ee728b)
Start importing Assets/Conifers [BOTD]/Render Pipeline Support using Guid(bf28865a6e5fab64c84db5fa4c2f7cae) Importer(815301076,1909f56bfc062723c751e8b465ee728b)  -> (artifact id: 'dfcf6c60c7e22ce819279a93e9abdc9b') in 0.018343 seconds
  Import took 0.068870 seconds .

========================================================================
Received Import Request.
  Time since last request: 0.488779 seconds.
  path: Assets/Conifers [BOTD]/Render Pipeline Support/Built-in RP
  artifactKey: Guid(89b57d6e07166334994217f6375166e5) Importer(815301076,1909f56bfc062723c751e8b465ee728b)
Start importing Assets/Conifers [BOTD]/Render Pipeline Support/Built-in RP using Guid(89b57d6e07166334994217f6375166e5) Importer(815301076,1909f56bfc062723c751e8b465ee728b)  -> (artifact id: 'cb3535906ed3d0d41847b9632d4b7611') in 0.015116 seconds
  Import took 0.021411 seconds .

========================================================================
Received Import Request.
  Time since last request: 2.981090 seconds.
  path: Assets/Conifers [BOTD]/Render Pipeline Support/Built-in RP/Prefabs
  artifactKey: Guid(fdf7d2f3736054f08b8ffebe4d2a8fcf) Importer(815301076,1909f56bfc062723c751e8b465ee728b)
Start importing Assets/Conifers [BOTD]/Render Pipeline Support/Built-in RP/Prefabs using Guid(fdf7d2f3736054f08b8ffebe4d2a8fcf) Importer(815301076,1909f56bfc062723c751e8b465ee728b)  -> (artifact id: 'f3799f7ad6dbb4ac0ab6c4b0ed7e815a') in 0.060535 seconds
  Import took 0.075496 seconds .

========================================================================
Received Import Request.
  Time since last request: 0.000499 seconds.
  path: Assets/Conifers [BOTD]/Render Pipeline Support/Built-in RP/Prefabs/PF Conifer Small BOTD.prefab
  artifactKey: Guid(7e3c80b421a0d465b80b8e51a763ea9c) Importer(815301076,1909f56bfc062723c751e8b465ee728b)
Start importing Assets/Conifers [BOTD]/Render Pipeline Support/Built-in RP/Prefabs/PF Conifer Small BOTD.prefab using Guid(7e3c80b421a0d465b80b8e51a763ea9c) Importer(815301076,1909f56bfc062723c751e8b465ee728b)  -> (artifact id: '5ce0b6a42fd79ae2b9fbf17b4dd118d0') in 0.266259 seconds
  Import took 0.276575 seconds .

========================================================================
Received Import Request.
  Time since last request: 0.000452 seconds.
  path: Assets/Conifers [BOTD]/Render Pipeline Support/Built-in RP/Prefabs/PF Conifer Tall BOTD.prefab
  artifactKey: Guid(f41642586885949968180791f012ee81) Importer(815301076,1909f56bfc062723c751e8b465ee728b)
Start importing Assets/Conifers [BOTD]/Render Pipeline Support/Built-in RP/Prefabs/PF Conifer Tall BOTD.prefab using Guid(f41642586885949968180791f012ee81) Importer(815301076,1909f56bfc062723c751e8b465ee728b)  -> (artifact id: 'c1734161d9b354e15d3731a99d938c1c') in 0.840488 seconds
  Import took 0.853961 seconds .

========================================================================
Received Import Request.
  Time since last request: 0.000466 seconds.
  path: Assets/Conifers [BOTD]/Render Pipeline Support/Built-in RP/Prefabs/PF Conifer Medium BOTD.prefab
  artifactKey: Guid(abdd95d0229d64588b03d2806d9cc19a) Importer(815301076,1909f56bfc062723c751e8b465ee728b)
Start importing Assets/Conifers [BOTD]/Render Pipeline Support/Built-in RP/Prefabs/PF Conifer Medium BOTD.prefab using Guid(abdd95d0229d64588b03d2806d9cc19a) Importer(815301076,1909f56bfc062723c751e8b465ee728b)  -> (artifact id: '3f589f5bf394c709985f2f9994b5cdcd') in 0.166538 seconds
  Import took 0.189756 seconds .

========================================================================
Received Import Request.
  Time since last request: 0.000526 seconds.
  path: Assets/Conifers [BOTD]/Render Pipeline Support/Built-in RP/Prefabs/PF Conifer Bare BOTD.prefab
  artifactKey: Guid(539fa9bc6500e44708e0f7b2c78cbefe) Importer(815301076,1909f56bfc062723c751e8b465ee728b)
Start importing Assets/Conifers [BOTD]/Render Pipeline Support/Built-in RP/Prefabs/PF Conifer Bare BOTD.prefab using Guid(539fa9bc6500e44708e0f7b2c78cbefe) Importer(815301076,1909f56bfc062723c751e8b465ee728b)  -> (artifact id: 'a0fe874f9f8786a48b7b26e7d4f3a328') in 0.789802 seconds
  Import took 0.813211 seconds .

========================================================================
Received Import Request.
  Time since last request: 0.016952 seconds.
  path: Assets/Conifers [BOTD]/Render Pipeline Support/Built-in RP/Prefabs/PF Conifer Bare BOTD.prefab
  artifactKey: Guid(539fa9bc6500e44708e0f7b2c78cbefe) Importer(815301076,1909f56bfc062723c751e8b465ee728b)
Start importing Assets/Conifers [BOTD]/Render Pipeline Support/Built-in RP/Prefabs/PF Conifer Bare BOTD.prefab using Guid(539fa9bc6500e44708e0f7b2c78cbefe) Importer(815301076,1909f56bfc062723c751e8b465ee728b)  -> (artifact id: 'a0fe874f9f8786a48b7b26e7d4f3a328') in 0.588642 seconds
  Import took 0.599263 seconds .

========================================================================
Received Prepare
Registering precompiled user dll's ...
Registered in 0.001277 seconds.
Begin MonoManager ReloadAssembly
Native extension for WindowsStandalone target not found
Refreshing native plugins compatible for Editor in 0.74 ms, found 0 plugins.
Preloading 0 native plugins for Editor in 0.00 ms.
Mono: successfully reloaded assembly
- Completed reload, in  0.962 seconds
Platform modules already initialized, skipping
Refreshing native plugins compatible for Editor in 1.00 ms, found 0 plugins.
Preloading 0 native plugins for Editor in 0.00 ms.
Unloading 1331 Unused Serialized files (Serialized files now loaded: 0)
System memory in use before: 125.5 MB.
System memory in use after: 124.5 MB.

Unloading 11 unused Assets to reduce memory usage. Loaded Objects now: 1923.
Total: 4.155200 ms (FindLiveObjects: 0.199800 ms CreateObjectMapping: 0.037500 ms MarkObjects: 2.945400 ms  DeleteObjects: 0.970500 ms)

AssetImportWorkerClient::OnTransportError - code=2 error=End of file
