Using pre-set license
Built from '2020.3/staging' branch; Version is '2020.3.6f1 (338bb68529b2) revision 3378102'; Using compiler version '192528614'; Build Type 'Release'
OS: 'Windows 10 Home Single Language; OS build 18363.418; Version 1909; 64bit' Language: 'en' Physical Memory: 14213 MB
BatchMode: 1, IsHumanControllingUs: 0, StartBugReporterOnCrash: 0, Is64bit: 1, IsPro: 0

 COMMAND LINE ARGUMENTS:
C:\Program Files\Unity\Editor\Unity.exe
-adb2
-batchMode
-noUpm
-name
AssetImportWorker0
-projectPath
D:/Libraries/Documents/GitHub/A-2019610003
-logFile
Logs/AssetImportWorker0.log
-srvPort
52713
Successfully changed project path to: D:/Libraries/Documents/GitHub/A-2019610003
D:/Libraries/Documents/GitHub/A-2019610003
Using Asset Import Pipeline V2.
Refreshing native plugins compatible for Editor in 173.44 ms, found 0 plugins.
Preloading 0 native plugins for Editor in 0.00 ms.
Initialize engine version: 2020.3.6f1 (338bb68529b2)
[Subsystems] Discovering subsystems at path C:/Program Files/Unity/Editor/Data/Resources/UnitySubsystems
[Subsystems] Discovering subsystems at path D:/Libraries/Documents/GitHub/A-2019610003/Assets
GfxDevice: creating device client; threaded=0
Direct3D:
    Version:  Direct3D 11.0 [level 11.1]
    Renderer: NVIDIA GeForce GTX 1650 (ID=0x1f91)
    Vendor:   
    VRAM:     3962 MB
    Driver:   27.21.14.6280
Shader 'Enviro/Lite/SkyboxSimple': fallback shader 'None' not found
Shader 'Enviro/Standard/SkyboxSimple': fallback shader 'None' not found
Initialize mono
Mono path[0] = 'C:/Program Files/Unity/Editor/Data/Managed'
Mono path[1] = 'C:/Program Files/Unity/Editor/Data/MonoBleedingEdge/lib/mono/unityjit'
Mono config path = 'C:/Program Files/Unity/Editor/Data/MonoBleedingEdge/etc'
Using monoOptions --debugger-agent=transport=dt_socket,embedding=1,server=y,suspend=n,address=127.0.0.1:56176
Begin MonoManager ReloadAssembly
Registering precompiled unity dll's ...
Register platform support module: C:/Program Files/Unity/Editor/Data/PlaybackEngines/WindowsStandaloneSupport/UnityEditor.WindowsStandalone.Extensions.dll
Registered in 0.002090 seconds.
Native extension for WindowsStandalone target not found
Refreshing native plugins compatible for Editor in 91.37 ms, found 0 plugins.
Preloading 0 native plugins for Editor in 0.00 ms.
Mono: successfully reloaded assembly
- Completed reload, in  1.698 seconds
Platform modules already initialized, skipping
Registering precompiled user dll's ...
Registered in 0.024678 seconds.
Begin MonoManager ReloadAssembly
Native extension for WindowsStandalone target not found
Refreshing native plugins compatible for Editor in 102.16 ms, found 0 plugins.
Preloading 0 native plugins for Editor in 0.00 ms.
[ScriptCompilation] NOT recompiling all scripts because this is an import worker process. Reason to compile was: Define symbols changed
[ScriptCompilation] NOT recompiling all scripts because this is an import worker process. Reason to compile was: Define symbols changed
Mono: successfully reloaded assembly
- Completed reload, in  2.042 seconds
Platform modules already initialized, skipping
========================================================================
Worker process is ready to serve import requests
Shader 'Enviro/Lite/SkyboxSimple': fallback shader 'None' not found
Shader 'Enviro/Standard/SkyboxSimple': fallback shader 'None' not found
Launched and connected shader compiler UnityShaderCompiler.exe after 0.13 seconds
Refreshing native plugins compatible for Editor in 0.97 ms, found 0 plugins.
Preloading 0 native plugins for Editor in 0.00 ms.
Unloading 2172 Unused Serialized files (Serialized files now loaded: 0)
System memory in use before: 211.3 MB.
System memory in use after: 211.0 MB.

Unloading 16 unused Assets to reduce memory usage. Loaded Objects now: 2662.
Total: 3.845100 ms (FindLiveObjects: 0.297000 ms CreateObjectMapping: 0.069600 ms MarkObjects: 2.571600 ms  DeleteObjects: 0.905400 ms)

========================================================================
Received Import Request.
  path: Assets/AwesomeTechnologies/VegetationStudioPro/Runtime/Common/Resources/TerrainTextures/TerrainTexture7.tga
  artifactKey: Guid(76a07bcaabfcbc540827c83b89b5d443) Importer(815301076,1909f56bfc062723c751e8b465ee728b)
Start importing Assets/AwesomeTechnologies/VegetationStudioPro/Runtime/Common/Resources/TerrainTextures/TerrainTexture7.tga using Guid(76a07bcaabfcbc540827c83b89b5d443) Importer(815301076,1909f56bfc062723c751e8b465ee728b)  -> (artifact id: '0c247f0b53c4cbdac545831db5cd1a57') in 0.083787 seconds
  Import took 0.088668 seconds .

========================================================================
Received Import Request.
  Time since last request: 0.000541 seconds.
  path: Assets/VSPro/MyDefault1.asset
  artifactKey: Guid(29870fb3d1819b048bee77af840cddbf) Importer(815301076,1909f56bfc062723c751e8b465ee728b)
Start importing Assets/VSPro/MyDefault1.asset using Guid(29870fb3d1819b048bee77af840cddbf) Importer(815301076,1909f56bfc062723c751e8b465ee728b)  -> (artifact id: '064b01516d4104a86c6e3fc0cf8c4928') in 0.066023 seconds
  Import took 0.085680 seconds .

========================================================================
Received Import Request.
  Time since last request: 0.000217 seconds.
  path: Assets/AwesomeTechnologies/VegetationStudioPro/Runtime/Common/Resources/TerrainTextures/TerrainTexture1.tga
  artifactKey: Guid(de5cc7c4241bb9c46a87ed39b7d10005) Importer(815301076,1909f56bfc062723c751e8b465ee728b)
Start importing Assets/AwesomeTechnologies/VegetationStudioPro/Runtime/Common/Resources/TerrainTextures/TerrainTexture1.tga using Guid(de5cc7c4241bb9c46a87ed39b7d10005) Importer(815301076,1909f56bfc062723c751e8b465ee728b)  -> (artifact id: '635852478055e9fffd01f471c73f1903') in 0.013360 seconds
  Import took 0.017844 seconds .

========================================================================
Received Import Request.
  Time since last request: 0.000197 seconds.
  path: Assets/AwesomeTechnologies/VegetationStudioPro/Runtime/Common/Resources/TerrainTextures/TerrainTexture2.tga
  artifactKey: Guid(c0afc3db06067e74d927639bbc04ae4e) Importer(815301076,1909f56bfc062723c751e8b465ee728b)
Start importing Assets/AwesomeTechnologies/VegetationStudioPro/Runtime/Common/Resources/TerrainTextures/TerrainTexture2.tga using Guid(c0afc3db06067e74d927639bbc04ae4e) Importer(815301076,1909f56bfc062723c751e8b465ee728b)  -> (artifact id: '8f1d512c422cddc9a5cd7e76eaee5ae1') in 0.015130 seconds
  Import took 0.019729 seconds .

========================================================================
Received Import Request.
  Time since last request: 0.000266 seconds.
  path: Assets/AwesomeTechnologies/VegetationStudioPro/Runtime/Common/Resources/TerrainTextures/TerrainTexture3.tga
  artifactKey: Guid(d2cebf7413e3c944281ee66dfe64149f) Importer(815301076,1909f56bfc062723c751e8b465ee728b)
Start importing Assets/AwesomeTechnologies/VegetationStudioPro/Runtime/Common/Resources/TerrainTextures/TerrainTexture3.tga using Guid(d2cebf7413e3c944281ee66dfe64149f) Importer(815301076,1909f56bfc062723c751e8b465ee728b)  -> (artifact id: '8fe6cc690b44c40c841cd32ab90bf458') in 0.016246 seconds
  Import took 0.021253 seconds .

========================================================================
Received Import Request.
  Time since last request: 0.000216 seconds.
  path: Assets/AwesomeTechnologies/VegetationStudioPro/Runtime/Common/Resources/TerrainTextures/TerrainTexture5.tga
  artifactKey: Guid(f5d1de47f0f760544a5596ceb8cc895f) Importer(815301076,1909f56bfc062723c751e8b465ee728b)
Start importing Assets/AwesomeTechnologies/VegetationStudioPro/Runtime/Common/Resources/TerrainTextures/TerrainTexture5.tga using Guid(f5d1de47f0f760544a5596ceb8cc895f) Importer(815301076,1909f56bfc062723c751e8b465ee728b)  -> (artifact id: '90f58db44cd8cba18f380ab1d0866306') in 0.014280 seconds
  Import took 0.019412 seconds .

========================================================================
Received Import Request.
  Time since last request: 0.000279 seconds.
  path: Assets/AwesomeTechnologies/VegetationStudioPro/Runtime/Common/Resources/TerrainTextures/TerrainTexture6.tga
  artifactKey: Guid(9094edcf722b9e945a30556b7b3c2267) Importer(815301076,1909f56bfc062723c751e8b465ee728b)
Start importing Assets/AwesomeTechnologies/VegetationStudioPro/Runtime/Common/Resources/TerrainTextures/TerrainTexture6.tga using Guid(9094edcf722b9e945a30556b7b3c2267) Importer(815301076,1909f56bfc062723c751e8b465ee728b)  -> (artifact id: '415fce771cc93701ac9fa389ac874b09') in 0.015889 seconds
  Import took 0.020372 seconds .

========================================================================
Received Import Request.
  Time since last request: 0.000234 seconds.
  path: Assets/AwesomeTechnologies/VegetationStudioPro/Runtime/Common/Resources/TerrainTextures/TerrainTexture8.tga
  artifactKey: Guid(12ff3c37d59e28240a8f4643c3ead3d3) Importer(815301076,1909f56bfc062723c751e8b465ee728b)
Start importing Assets/AwesomeTechnologies/VegetationStudioPro/Runtime/Common/Resources/TerrainTextures/TerrainTexture8.tga using Guid(12ff3c37d59e28240a8f4643c3ead3d3) Importer(815301076,1909f56bfc062723c751e8b465ee728b)  -> (artifact id: '910b3805fd85ec0984ceea79c94daa53') in 0.014985 seconds
  Import took 0.020339 seconds .

========================================================================
Received Import Request.
  Time since last request: 0.000259 seconds.
  path: Assets/AwesomeTechnologies/VegetationStudioPro/Runtime/Common/Resources/TerrainTextures/TerrainTexture4.tga
  artifactKey: Guid(46f048d7d81f5864fa2a8d7fb353e13c) Importer(815301076,1909f56bfc062723c751e8b465ee728b)
Start importing Assets/AwesomeTechnologies/VegetationStudioPro/Runtime/Common/Resources/TerrainTextures/TerrainTexture4.tga using Guid(46f048d7d81f5864fa2a8d7fb353e13c) Importer(815301076,1909f56bfc062723c751e8b465ee728b)  -> (artifact id: '8c8781d09cf552dfb14a22f55bf1e97d') in 0.014509 seconds
  Import took 0.019401 seconds .

========================================================================
Received Import Request.
  Time since last request: 60.087319 seconds.
  path: Assets/AwesomeTechnologies/VegetationStudioProDemo
  artifactKey: Guid(4807dc6a3c4af824080e8e46a007c39a) Importer(815301076,1909f56bfc062723c751e8b465ee728b)
Start importing Assets/AwesomeTechnologies/VegetationStudioProDemo using Guid(4807dc6a3c4af824080e8e46a007c39a) Importer(815301076,1909f56bfc062723c751e8b465ee728b)  -> (artifact id: 'f694f6e781572ca575ecab64b908597d') in 0.007838 seconds
  Import took 0.013439 seconds .

========================================================================
Received Import Request.
  Time since last request: 0.426091 seconds.
  path: Assets/AwesomeTechnologies/VegetationStudioPro
  artifactKey: Guid(df85ff9954b306e41a6e27778a0c7314) Importer(815301076,1909f56bfc062723c751e8b465ee728b)
Start importing Assets/AwesomeTechnologies/VegetationStudioPro using Guid(df85ff9954b306e41a6e27778a0c7314) Importer(815301076,1909f56bfc062723c751e8b465ee728b)  -> (artifact id: 'be9331ca551676a5dd95bfb0af265348') in 0.008001 seconds
  Import took 0.012625 seconds .

========================================================================
Received Import Request.
  Time since last request: 2.011909 seconds.
  path: Assets/AwesomeTechnologies/VegetationStudioPro/Runtime
  artifactKey: Guid(afa88bb9e368d8f4da9eb6679f7594ae) Importer(815301076,1909f56bfc062723c751e8b465ee728b)
Start importing Assets/AwesomeTechnologies/VegetationStudioPro/Runtime using Guid(afa88bb9e368d8f4da9eb6679f7594ae) Importer(815301076,1909f56bfc062723c751e8b465ee728b)  -> (artifact id: '099bf99d7b9e915723a4246eef6c0435') in 0.008871 seconds
  Import took 0.013598 seconds .

========================================================================
Received Import Request.
  Time since last request: 0.059637 seconds.
  path: Assets/AwesomeTechnologies/VegetationStudioPro/Runtime/AwesomeTechnologies.VegetationStudioPro.Runtime.asmdef
  artifactKey: Guid(fb58d5396d4f85044a40c7548929c37d) Importer(815301076,1909f56bfc062723c751e8b465ee728b)
Start importing Assets/AwesomeTechnologies/VegetationStudioPro/Runtime/AwesomeTechnologies.VegetationStudioPro.Runtime.asmdef using Guid(fb58d5396d4f85044a40c7548929c37d) Importer(815301076,1909f56bfc062723c751e8b465ee728b)  -> (artifact id: '6637d344cde83b3dbb1eb640615a5c6e') in 0.010072 seconds
  Import took 0.015012 seconds .

========================================================================
Received Import Request.
  Time since last request: 6.079206 seconds.
  path: Assets/AwesomeTechnologies/VegetationStudioPro/Runtime/Prefabs
  artifactKey: Guid(c50ed27fd3472b54ea6f8ae97ca80881) Importer(815301076,1909f56bfc062723c751e8b465ee728b)
Start importing Assets/AwesomeTechnologies/VegetationStudioPro/Runtime/Prefabs using Guid(c50ed27fd3472b54ea6f8ae97ca80881) Importer(815301076,1909f56bfc062723c751e8b465ee728b)  -> (artifact id: '11442f3332859b9fac0f71cd76529307') in 0.007858 seconds
  Import took 0.052066 seconds .

========================================================================
Received Import Request.
  Time since last request: 1.363284 seconds.
  path: Assets/AwesomeTechnologies/VegetationStudioPro/Runtime/GrassSystem
  artifactKey: Guid(13097a446cf3613468f6e42675b711f6) Importer(815301076,1909f56bfc062723c751e8b465ee728b)
Start importing Assets/AwesomeTechnologies/VegetationStudioPro/Runtime/GrassSystem using Guid(13097a446cf3613468f6e42675b711f6) Importer(815301076,1909f56bfc062723c751e8b465ee728b)  -> (artifact id: 'f92f649058be9d92990dd02412029db7') in 0.008841 seconds
  Import took 0.014333 seconds .

========================================================================
Received Import Request.
  Time since last request: 0.076945 seconds.
  path: Assets/AwesomeTechnologies/VegetationStudioPro/Runtime/GrassSystem/AGrass.mat
  artifactKey: Guid(88a74f5e9e4188841b45a115322add96) Importer(815301076,1909f56bfc062723c751e8b465ee728b)
Start importing Assets/AwesomeTechnologies/VegetationStudioPro/Runtime/GrassSystem/AGrass.mat using Guid(88a74f5e9e4188841b45a115322add96) Importer(815301076,1909f56bfc062723c751e8b465ee728b)  -> (artifact id: '174cc9bc308fe58f835515af00a568fe') in 0.302057 seconds
  Import took 0.306540 seconds .

========================================================================
Received Import Request.
  Time since last request: 0.000197 seconds.
  path: Assets/AwesomeTechnologies/VegetationStudioPro/Runtime/GrassSystem/AGrassTex.prefab
  artifactKey: Guid(e2249007e4030b44b9a2f221617187ed) Importer(815301076,1909f56bfc062723c751e8b465ee728b)
Start importing Assets/AwesomeTechnologies/VegetationStudioPro/Runtime/GrassSystem/AGrassTex.prefab using Guid(e2249007e4030b44b9a2f221617187ed) Importer(815301076,1909f56bfc062723c751e8b465ee728b)  -> (artifact id: '26708f6f9931b4daba983c21d4f579b2') in 0.021521 seconds
  Import took 0.026077 seconds .

========================================================================
Received Import Request.
  Time since last request: 0.000313 seconds.
  path: Assets/AwesomeTechnologies/VegetationStudioPro/Runtime/GrassSystem/AWindZone.prefab
  artifactKey: Guid(bab65887c382ab84a9868f66f23ed233) Importer(815301076,1909f56bfc062723c751e8b465ee728b)
Start importing Assets/AwesomeTechnologies/VegetationStudioPro/Runtime/GrassSystem/AWindZone.prefab using Guid(bab65887c382ab84a9868f66f23ed233) Importer(815301076,1909f56bfc062723c751e8b465ee728b)  -> (artifact id: '8f08b9b75bcb96d8da51c61e0efef2a2') in 0.011688 seconds
  Import took 0.017520 seconds .

========================================================================
Received Import Request.
  Time since last request: 0.000277 seconds.
  path: Assets/AwesomeTechnologies/VegetationStudioPro/Runtime/GrassSystem/Ground.mat
  artifactKey: Guid(2e2b62390d5aa2441a984d866442a873) Importer(815301076,1909f56bfc062723c751e8b465ee728b)
Start importing Assets/AwesomeTechnologies/VegetationStudioPro/Runtime/GrassSystem/Ground.mat using Guid(2e2b62390d5aa2441a984d866442a873) Importer(815301076,1909f56bfc062723c751e8b465ee728b)  -> (artifact id: '452f6160e8fa05e44bd5f41bbadb7575') in 0.026410 seconds
  Import took 0.031368 seconds .

========================================================================
Received Import Request.
  Time since last request: 1.006308 seconds.
  path: Assets/AwesomeTechnologies/VegetationStudioPro/Runtime/GrassSystem/Resources
  artifactKey: Guid(acf16a7a0c9c22a4794cd257def86ea0) Importer(815301076,1909f56bfc062723c751e8b465ee728b)
Start importing Assets/AwesomeTechnologies/VegetationStudioPro/Runtime/GrassSystem/Resources using Guid(acf16a7a0c9c22a4794cd257def86ea0) Importer(815301076,1909f56bfc062723c751e8b465ee728b)  -> (artifact id: '2b5595ab13b4d847125da6173d2c118c') in 0.011650 seconds
  Import took 0.016233 seconds .

========================================================================
Received Import Request.
  Time since last request: 0.054134 seconds.
  path: Assets/AwesomeTechnologies/VegetationStudioPro/Runtime/GrassSystem/Resources/DefaultGrassPatch.mat
  artifactKey: Guid(7df6bf3e93cb5f84cb552d9a6d451c0e) Importer(815301076,1909f56bfc062723c751e8b465ee728b)
Start importing Assets/AwesomeTechnologies/VegetationStudioPro/Runtime/GrassSystem/Resources/DefaultGrassPatch.mat using Guid(7df6bf3e93cb5f84cb552d9a6d451c0e) Importer(815301076,1909f56bfc062723c751e8b465ee728b)  -> (artifact id: 'f25fb415c1c36fce93af173fc9573be3') in 0.271120 seconds
  Import took 0.276235 seconds .

========================================================================
Received Import Request.
  Time since last request: 0.000232 seconds.
  path: Assets/AwesomeTechnologies/VegetationStudioPro/Runtime/GrassSystem/Resources/DefaultGrassPatch.prefab
  artifactKey: Guid(413e569959b654f498ac8b3df0bf97b1) Importer(815301076,1909f56bfc062723c751e8b465ee728b)
Start importing Assets/AwesomeTechnologies/VegetationStudioPro/Runtime/GrassSystem/Resources/DefaultGrassPatch.prefab using Guid(413e569959b654f498ac8b3df0bf97b1) Importer(815301076,1909f56bfc062723c751e8b465ee728b)  -> (artifact id: '5a8f666f7920fa81ab167cfb8a470975') in 0.037245 seconds
  Import took 0.041932 seconds .

========================================================================
Received Import Request.
  Time since last request: 0.000235 seconds.
  path: Assets/AwesomeTechnologies/VegetationStudioPro/Runtime/GrassSystem/Resources/GrassPatchVertexColor.mat
  artifactKey: Guid(661fd22034af57844aa4e4af57b68d79) Importer(815301076,1909f56bfc062723c751e8b465ee728b)
Start importing Assets/AwesomeTechnologies/VegetationStudioPro/Runtime/GrassSystem/Resources/GrassPatchVertexColor.mat using Guid(661fd22034af57844aa4e4af57b68d79) Importer(815301076,1909f56bfc062723c751e8b465ee728b)  -> (artifact id: '573d726d79cd81ae542deb6499de1951') in 0.099370 seconds
  Import took 0.103975 seconds .

========================================================================
Received Import Request.
  Time since last request: 0.000225 seconds.
  path: Assets/AwesomeTechnologies/VegetationStudioPro/Runtime/GrassSystem/Resources/DefaultGrassPatch_LOD0.asset
  artifactKey: Guid(ff48a13f3ba3b4c4ebc823195db98304) Importer(815301076,1909f56bfc062723c751e8b465ee728b)
Start importing Assets/AwesomeTechnologies/VegetationStudioPro/Runtime/GrassSystem/Resources/DefaultGrassPatch_LOD0.asset using Guid(ff48a13f3ba3b4c4ebc823195db98304) Importer(815301076,1909f56bfc062723c751e8b465ee728b)  -> (artifact id: '17c7bdb96f5ad44c6891fcad31b4ea0c') in 0.047487 seconds
  Import took 0.051998 seconds .

========================================================================
Received Import Request.
  Time since last request: 0.000236 seconds.
  path: Assets/AwesomeTechnologies/VegetationStudioPro/Runtime/GrassSystem/Resources/DefaultGrassPatch_LOD1.asset
  artifactKey: Guid(0c1a63c852e17984eb01e4ffd3368973) Importer(815301076,1909f56bfc062723c751e8b465ee728b)
Start importing Assets/AwesomeTechnologies/VegetationStudioPro/Runtime/GrassSystem/Resources/DefaultGrassPatch_LOD1.asset using Guid(0c1a63c852e17984eb01e4ffd3368973) Importer(815301076,1909f56bfc062723c751e8b465ee728b)  -> (artifact id: '30d7ed8dce278bf7b3ca0f3e1f3b69e0') in 0.015218 seconds
  Import took 0.020557 seconds .

========================================================================
Received Import Request.
  Time since last request: 0.000219 seconds.
  path: Assets/AwesomeTechnologies/VegetationStudioPro/Runtime/GrassSystem/Resources/DefaultGrassPatch_LOD2.asset
  artifactKey: Guid(58a54fa732b21734fb6615dda06dfc4c) Importer(815301076,1909f56bfc062723c751e8b465ee728b)
Start importing Assets/AwesomeTechnologies/VegetationStudioPro/Runtime/GrassSystem/Resources/DefaultGrassPatch_LOD2.asset using Guid(58a54fa732b21734fb6615dda06dfc4c) Importer(815301076,1909f56bfc062723c751e8b465ee728b)  -> (artifact id: 'bdc1d52c6d86aae00176a0fa9161149c') in 0.018577 seconds
  Import took 0.024133 seconds .

========================================================================
Received Import Request.
  Time since last request: 843.545013 seconds.
  path: Assets/New Terrain 5.asset
  artifactKey: Guid(0c35694b27ff9f247a3c44782b7c7efd) Importer(815301076,1909f56bfc062723c751e8b465ee728b)
Start importing Assets/New Terrain 5.asset using Guid(0c35694b27ff9f247a3c44782b7c7efd) Importer(815301076,1909f56bfc062723c751e8b465ee728b) Tree prefab at index 1 is missing.

 -> (artifact id: '79d6dac39d9cceba75ad5bfa2e6550e7') in 0.530430 seconds
  Import took 0.543888 seconds .

========================================================================
Received Import Request.
  Time since last request: 0.000445 seconds.
  path: Assets/TerrainData_ccb91806-2b5e-4d4a-916f-7ff13efc51e0.asset
  artifactKey: Guid(e6402623b3fe56d4ebaccd71539a360a) Importer(815301076,1909f56bfc062723c751e8b465ee728b)
Start importing Assets/TerrainData_ccb91806-2b5e-4d4a-916f-7ff13efc51e0.asset using Guid(e6402623b3fe56d4ebaccd71539a360a) Importer(815301076,1909f56bfc062723c751e8b465ee728b)  -> (artifact id: '423fa3486cb98c5534dc10599daa066c') in 0.103184 seconds
  Import took 0.113556 seconds .

========================================================================
Received Import Request.
  Time since last request: 0.000446 seconds.
  path: Assets/TerrainData_187d0ad0-81d4-4c13-8eeb-4a654277c9f1.asset
  artifactKey: Guid(2fab2a82b2532024687c3d8e2f1cf5e6) Importer(815301076,1909f56bfc062723c751e8b465ee728b)
Start importing Assets/TerrainData_187d0ad0-81d4-4c13-8eeb-4a654277c9f1.asset using Guid(2fab2a82b2532024687c3d8e2f1cf5e6) Importer(815301076,1909f56bfc062723c751e8b465ee728b) Tree prefab at index 1 is missing.

Tree prefab at index 2 is missing.

 -> (artifact id: '7ffd6b8447f3fc06469efc5f8c39bc1e') in 0.061599 seconds
  Import took 0.074072 seconds .

========================================================================
Received Import Request.
  Time since last request: 0.000548 seconds.
  path: Assets/TerrainData_bfcc80b7-4fb7-4a66-a929-0c7819f21793.asset
  artifactKey: Guid(4536dc47676fee048b1b918892038f0d) Importer(815301076,1909f56bfc062723c751e8b465ee728b)
Start importing Assets/TerrainData_bfcc80b7-4fb7-4a66-a929-0c7819f21793.asset using Guid(4536dc47676fee048b1b918892038f0d) Importer(815301076,1909f56bfc062723c751e8b465ee728b)  -> (artifact id: 'e676891714df0c678a40a3de8c27a4b4') in 0.091850 seconds
  Import took 0.101469 seconds .

========================================================================
Received Import Request.
  Time since last request: 5.010265 seconds.
  path: Assets/VSPro
  artifactKey: Guid(eb109eb48598b6a43b1dd058b434e240) Importer(815301076,1909f56bfc062723c751e8b465ee728b)
Start importing Assets/VSPro using Guid(eb109eb48598b6a43b1dd058b434e240) Importer(815301076,1909f56bfc062723c751e8b465ee728b)  -> (artifact id: '16a9f7de655b7bcaedbf4de3cdcf1b34') in 0.029679 seconds
  Import took 0.039311 seconds .

========================================================================
Received Import Request.
  Time since last request: 29.547116 seconds.
  path: Assets/VSPro/MyDefault2.asset
  artifactKey: Guid(759a04c0c00fc674685ce87d50733ea6) Importer(815301076,1909f56bfc062723c751e8b465ee728b)
Start importing Assets/VSPro/MyDefault2.asset using Guid(759a04c0c00fc674685ce87d50733ea6) Importer(815301076,1909f56bfc062723c751e8b465ee728b)  -> (artifact id: '74b3f78165e2b08c0f9edb6decf077cf') in 0.030148 seconds
  Import took 0.040122 seconds .

========================================================================
Received Import Request.
  Time since last request: 0.010194 seconds.
  path: Assets/VSPro/MyDefault2.asset
  artifactKey: Guid(759a04c0c00fc674685ce87d50733ea6) Importer(815301076,1909f56bfc062723c751e8b465ee728b)
Start importing Assets/VSPro/MyDefault2.asset using Guid(759a04c0c00fc674685ce87d50733ea6) Importer(815301076,1909f56bfc062723c751e8b465ee728b)  -> (artifact id: '74b3f78165e2b08c0f9edb6decf077cf') in 0.021835 seconds
  Import took 0.034485 seconds .

========================================================================
Received Import Request.
  Time since last request: 553.255211 seconds.
  path: Assets/VSPro/MyDefault1.asset
  artifactKey: Guid(29870fb3d1819b048bee77af840cddbf) Importer(815301076,1909f56bfc062723c751e8b465ee728b)
Start importing Assets/VSPro/MyDefault1.asset using Guid(29870fb3d1819b048bee77af840cddbf) Importer(815301076,1909f56bfc062723c751e8b465ee728b)  -> (artifact id: '27cbf5236d769670e2facac918666a1f') in 0.104289 seconds
  Import took 0.118299 seconds .

========================================================================
Received Import Request.
  Time since last request: 841.108996 seconds.
  path: Assets/AwesomeTechnologies/VegetationStudioPro/Runtime/Common/Resources/DropZoneIcons/DarkTreePrefabNoBorder.psd
  artifactKey: Guid(c467016939a3bf84d8604e5eed858eb0) Importer(815301076,1909f56bfc062723c751e8b465ee728b)
Start importing Assets/AwesomeTechnologies/VegetationStudioPro/Runtime/Common/Resources/DropZoneIcons/DarkTreePrefabNoBorder.psd using Guid(c467016939a3bf84d8604e5eed858eb0) Importer(815301076,1909f56bfc062723c751e8b465ee728b)  -> (artifact id: 'fb61a48c9ca4a3a91f762d424dd1e1c6') in 0.160649 seconds
  Import took 0.174899 seconds .

========================================================================
Received Import Request.
  Time since last request: 0.000435 seconds.
  path: Assets/AwesomeTechnologies/VegetationStudioPro/Runtime/Common/Resources/DropZoneIcons/LightTreePrefabNoBorder.psd
  artifactKey: Guid(e255010a4c21da448a180eb75bf2442d) Importer(815301076,1909f56bfc062723c751e8b465ee728b)
Start importing Assets/AwesomeTechnologies/VegetationStudioPro/Runtime/Common/Resources/DropZoneIcons/LightTreePrefabNoBorder.psd using Guid(e255010a4c21da448a180eb75bf2442d) Importer(815301076,1909f56bfc062723c751e8b465ee728b)  -> (artifact id: '1f17ecbf8a055fe28e212fa4c3909151') in 0.028383 seconds
  Import took 0.037436 seconds .

========================================================================
Received Import Request.
  Time since last request: 1.957796 seconds.
  path: Assets/Enviro - Sky and Weather/Core/SFX/Misc/tree_fall_down.mp3
  artifactKey: Guid(78df7008e96681541a7b7e2222812b03) Importer(815301076,1909f56bfc062723c751e8b465ee728b)
Start importing Assets/Enviro - Sky and Weather/Core/SFX/Misc/tree_fall_down.mp3 using Guid(78df7008e96681541a7b7e2222812b03) Importer(815301076,1909f56bfc062723c751e8b465ee728b)  -> (artifact id: 'fbdceb256c5d2558889858a6d5ccc293') in 0.191905 seconds
  Import took 0.213232 seconds .

========================================================================
Received Import Request.
  Time since last request: 0.000444 seconds.
  path: Assets/AwesomeTechnologies/VegetationStudioPro/Runtime/Common/Resources/TreeCreatorShader.mat
  artifactKey: Guid(9c93da4ca24c4954b8350688205a1bb9) Importer(815301076,1909f56bfc062723c751e8b465ee728b)
Start importing Assets/AwesomeTechnologies/VegetationStudioPro/Runtime/Common/Resources/TreeCreatorShader.mat using Guid(9c93da4ca24c4954b8350688205a1bb9) Importer(815301076,1909f56bfc062723c751e8b465ee728b)  -> (artifact id: '1775242373af2212e8248ebc6b1b806a') in 0.472900 seconds
  Import took 0.481031 seconds .

========================================================================
Received Import Request.
  Time since last request: 0.000448 seconds.
  path: Assets/AwesomeTechnologies/VegetationStudioPro/Runtime/ShaderSystem/Shaders/Resources/VS_SpeedtreeBranchDetail.mat
  artifactKey: Guid(14452183590f2c34da09793d323c0b99) Importer(815301076,1909f56bfc062723c751e8b465ee728b)
Start importing Assets/AwesomeTechnologies/VegetationStudioPro/Runtime/ShaderSystem/Shaders/Resources/VS_SpeedtreeBranchDetail.mat using Guid(14452183590f2c34da09793d323c0b99) Importer(815301076,1909f56bfc062723c751e8b465ee728b)  -> (artifact id: '8c1f3d73ef177cc80de0e0150c6c4bb1') in 0.987109 seconds
  Import took 0.998418 seconds .

========================================================================
Received Import Request.
  Time since last request: 0.000446 seconds.
  path: Assets/AwesomeTechnologies/VegetationStudioPro/Runtime/ShaderSystem/Shaders/Resources/VS_Speedtree8.mat
  artifactKey: Guid(b4c22623fda7cdd44b7af14782ed1362) Importer(815301076,1909f56bfc062723c751e8b465ee728b)
Start importing Assets/AwesomeTechnologies/VegetationStudioPro/Runtime/ShaderSystem/Shaders/Resources/VS_Speedtree8.mat using Guid(b4c22623fda7cdd44b7af14782ed1362) Importer(815301076,1909f56bfc062723c751e8b465ee728b)  -> (artifact id: '5b786373730062c6c74743956401b506') in 3.202194 seconds
  Import took 3.222191 seconds .

========================================================================
Received Import Request.
  Time since last request: 0.000490 seconds.
  path: Assets/AwesomeTechnologies/VegetationStudioPro/Runtime/ShaderSystem/Shaders/Resources/VS_SpeedtreeLeafMesh.mat
  artifactKey: Guid(11600e7ed27912e4a93f9941cad387d8) Importer(815301076,1909f56bfc062723c751e8b465ee728b)
Start importing Assets/AwesomeTechnologies/VegetationStudioPro/Runtime/ShaderSystem/Shaders/Resources/VS_SpeedtreeLeafMesh.mat using Guid(11600e7ed27912e4a93f9941cad387d8) Importer(815301076,1909f56bfc062723c751e8b465ee728b)  -> (artifact id: 'cf6fb6f6f272842a18794be0ca0bc605') in 0.635572 seconds
  Import took 0.646199 seconds .

========================================================================
Received Import Request.
  Time since last request: 0.000604 seconds.
  path: Assets/AwesomeTechnologies/VegetationStudioPro/Runtime/ShaderSystem/Shaders/Resources/VS_SpeedtreeBranch.mat
  artifactKey: Guid(59099977045efa94dbcec7ad16dc9473) Importer(815301076,1909f56bfc062723c751e8b465ee728b)
Start importing Assets/AwesomeTechnologies/VegetationStudioPro/Runtime/ShaderSystem/Shaders/Resources/VS_SpeedtreeBranch.mat using Guid(59099977045efa94dbcec7ad16dc9473) Importer(815301076,1909f56bfc062723c751e8b465ee728b)  -> (artifact id: '8f461ef7d3c8a9188b3465033d0e4549') in 0.897723 seconds
  Import took 0.905983 seconds .

========================================================================
Received Import Request.
  Time since last request: 0.000435 seconds.
  path: Assets/AwesomeTechnologies/VegetationStudioPro/Runtime/ShaderSystem/Shaders/Resources/VS_SpeedtreeLeaf.mat
  artifactKey: Guid(c1639ae1824e75240be1473267a12279) Importer(815301076,1909f56bfc062723c751e8b465ee728b)
Start importing Assets/AwesomeTechnologies/VegetationStudioPro/Runtime/ShaderSystem/Shaders/Resources/VS_SpeedtreeLeaf.mat using Guid(c1639ae1824e75240be1473267a12279) Importer(815301076,1909f56bfc062723c751e8b465ee728b)  -> (artifact id: '6b778ce42b9e45acd69c2b50a9b2b8a0') in 1.242085 seconds
  Import took 1.250596 seconds .

========================================================================
Received Import Request.
  Time since last request: 0.000504 seconds.
  path: Assets/AwesomeTechnologies/VegetationStudioPro/Runtime/ShaderSystem/Shaders/Resources/VS_SpeedtreeFrond.mat
  artifactKey: Guid(c3716d234cfe2dc40bb9ffb2a38117a3) Importer(815301076,1909f56bfc062723c751e8b465ee728b)
Start importing Assets/AwesomeTechnologies/VegetationStudioPro/Runtime/ShaderSystem/Shaders/Resources/VS_SpeedtreeFrond.mat using Guid(c3716d234cfe2dc40bb9ffb2a38117a3) Importer(815301076,1909f56bfc062723c751e8b465ee728b)  -> (artifact id: 'c7f9ae3968ec690a7bf2a7ca48a0f9f4') in 1.068737 seconds
  Import took 1.076951 seconds .

========================================================================
Received Import Request.
  Time since last request: 1447.490745 seconds.
  path: Assets/Tree9/Tree9_2.prefab
  artifactKey: Guid(be878d9ea17907f4a8068678a5ce7908) Importer(815301076,1909f56bfc062723c751e8b465ee728b)
Start importing Assets/Tree9/Tree9_2.prefab using Guid(be878d9ea17907f4a8068678a5ce7908) Importer(815301076,1909f56bfc062723c751e8b465ee728b)  -> (artifact id: 'dcd5a069a415914d98e13f9f6126e909') in 0.634896 seconds
  Import took 0.648348 seconds .

========================================================================
Received Import Request.
  Time since last request: 0.000571 seconds.
  path: Assets/Tree9/Tree9_3.prefab
  artifactKey: Guid(8b2d47fdc2e25ac4f9721480a68bbefa) Importer(815301076,1909f56bfc062723c751e8b465ee728b)
Start importing Assets/Tree9/Tree9_3.prefab using Guid(8b2d47fdc2e25ac4f9721480a68bbefa) Importer(815301076,1909f56bfc062723c751e8b465ee728b)  -> (artifact id: '7360162411030939af7eb5ce402360dd') in 0.087317 seconds
  Import took 0.134097 seconds .

========================================================================
Received Prepare
Registering precompiled user dll's ...
Registered in 0.002715 seconds.
Begin MonoManager ReloadAssembly
Native extension for WindowsStandalone target not found
Refreshing native plugins compatible for Editor in 0.96 ms, found 0 plugins.
Preloading 0 native plugins for Editor in 0.00 ms.
Mono: successfully reloaded assembly
- Completed reload, in  1.139 seconds
Platform modules already initialized, skipping
Shader 'Enviro/Lite/SkyboxSimple': fallback shader 'None' not found
Shader 'Enviro/Standard/SkyboxSimple': fallback shader 'None' not found
Refreshing native plugins compatible for Editor in 0.95 ms, found 0 plugins.
Preloading 0 native plugins for Editor in 0.00 ms.
Unloading 2059 Unused Serialized files (Serialized files now loaded: 0)
System memory in use before: 204.4 MB.
System memory in use after: 204.1 MB.

Unloading 11 unused Assets to reduce memory usage. Loaded Objects now: 2715.
Total: 3.924700 ms (FindLiveObjects: 0.302400 ms CreateObjectMapping: 0.085300 ms MarkObjects: 2.808300 ms  DeleteObjects: 0.726100 ms)

========================================================================
Received Prepare
Registering precompiled user dll's ...
Registered in 0.003212 seconds.
Begin MonoManager ReloadAssembly
Native extension for WindowsStandalone target not found
Refreshing native plugins compatible for Editor in 1.07 ms, found 0 plugins.
Preloading 0 native plugins for Editor in 0.00 ms.
Mono: successfully reloaded assembly
- Completed reload, in  1.218 seconds
Platform modules already initialized, skipping
Shader 'Enviro/Lite/SkyboxSimple': fallback shader 'None' not found
Shader 'Enviro/Standard/SkyboxSimple': fallback shader 'None' not found
Refreshing native plugins compatible for Editor in 1.25 ms, found 0 plugins.
Preloading 0 native plugins for Editor in 0.00 ms.
Unloading 2059 Unused Serialized files (Serialized files now loaded: 0)
System memory in use before: 204.5 MB.
System memory in use after: 204.3 MB.

Unloading 11 unused Assets to reduce memory usage. Loaded Objects now: 2720.
Total: 3.867100 ms (FindLiveObjects: 0.326600 ms CreateObjectMapping: 0.093000 ms MarkObjects: 2.685500 ms  DeleteObjects: 0.760200 ms)

========================================================================
Received Import Request.
  Time since last request: 1722.096686 seconds.
  path: Assets/AwesomeTechnologies/VegetationStudioProDemo/DemoVegetationPackage_billboards/billboard_d93015b3-55af-4e61-8ec3-8795c9a6474b.png
  artifactKey: Guid(ae651e58f9b48ef419c9f64ede63ffa3) Importer(815301076,1909f56bfc062723c751e8b465ee728b)
Start importing Assets/AwesomeTechnologies/VegetationStudioProDemo/DemoVegetationPackage_billboards/billboard_d93015b3-55af-4e61-8ec3-8795c9a6474b.png using Guid(ae651e58f9b48ef419c9f64ede63ffa3) Importer(815301076,1909f56bfc062723c751e8b465ee728b)  -> (artifact id: '3a9ada6b7717070d54b0e89438f66fe5') in 0.099094 seconds
  Import took 0.104319 seconds .

========================================================================
Received Import Request.
  Time since last request: 0.000223 seconds.
  path: Assets/VSPro/MyDefault1_billboards/billboardNormal_373b065b-159b-4e43-96e6-88bea2df52ec.png
  artifactKey: Guid(b653eb93ec7debf41902a022238b10ee) Importer(815301076,1909f56bfc062723c751e8b465ee728b)
Start importing Assets/VSPro/MyDefault1_billboards/billboardNormal_373b065b-159b-4e43-96e6-88bea2df52ec.png using Guid(b653eb93ec7debf41902a022238b10ee) Importer(815301076,1909f56bfc062723c751e8b465ee728b)  -> (artifact id: 'be247b15fe2378d419a5a8d1abec1b7c') in 0.084266 seconds
  Import took 0.089554 seconds .

========================================================================
Received Import Request.
  Time since last request: 0.000235 seconds.
  path: Assets/VSPro/MyDefault1_billboards/billboard_f002a309-4c3f-4d42-a89e-7177d95e71ea.png
  artifactKey: Guid(fe347745bae14704991743184b49054c) Importer(815301076,1909f56bfc062723c751e8b465ee728b)
Start importing Assets/VSPro/MyDefault1_billboards/billboard_f002a309-4c3f-4d42-a89e-7177d95e71ea.png using Guid(fe347745bae14704991743184b49054c) Importer(815301076,1909f56bfc062723c751e8b465ee728b)  -> (artifact id: '3baab756aa172b05b77ee42c46a1a102') in 0.019443 seconds
  Import took 0.024312 seconds .

========================================================================
Received Import Request.
  Time since last request: 0.000238 seconds.
  path: Assets/AwesomeTechnologies/VegetationStudioProDemo/DemoVegetationPackage_billboards/billboard_d93015b3-55af-4e61-8ec3-8795c9a6474b.png
  artifactKey: Guid(ae651e58f9b48ef419c9f64ede63ffa3) Importer(815301076,1909f56bfc062723c751e8b465ee728b)
Start importing Assets/AwesomeTechnologies/VegetationStudioProDemo/DemoVegetationPackage_billboards/billboard_d93015b3-55af-4e61-8ec3-8795c9a6474b.png using Guid(ae651e58f9b48ef419c9f64ede63ffa3) Importer(815301076,1909f56bfc062723c751e8b465ee728b)  -> (artifact id: '3a9ada6b7717070d54b0e89438f66fe5') in 0.007244 seconds
  Import took 0.011586 seconds .

========================================================================
Received Import Request.
  Time since last request: 0.000243 seconds.
  path: Assets/Medieval Mega Pack/MMP 1/Textures/Books 1.png
  artifactKey: Guid(e87683d14af0c094097a9a11075e2ef1) Importer(815301076,1909f56bfc062723c751e8b465ee728b)
Start importing Assets/Medieval Mega Pack/MMP 1/Textures/Books 1.png using Guid(e87683d14af0c094097a9a11075e2ef1) Importer(815301076,1909f56bfc062723c751e8b465ee728b)  -> (artifact id: 'ab9281480df78af0192d552e65e8b653') in 0.015851 seconds
  Import took 0.020340 seconds .

========================================================================
Received Import Request.
  Time since last request: 0.000283 seconds.
  path: Assets/VSPro/MyDefault1_billboards/billboardNormal_f002a309-4c3f-4d42-a89e-7177d95e71ea.png
  artifactKey: Guid(35ff22eafecbc274098db394d652c3d2) Importer(815301076,1909f56bfc062723c751e8b465ee728b)
Start importing Assets/VSPro/MyDefault1_billboards/billboardNormal_f002a309-4c3f-4d42-a89e-7177d95e71ea.png using Guid(35ff22eafecbc274098db394d652c3d2) Importer(815301076,1909f56bfc062723c751e8b465ee728b)  -> (artifact id: '78d14c4b9268cd9f2bb98cc8e485e65d') in 0.012230 seconds
  Import took 0.017457 seconds .

========================================================================
Received Import Request.
  Time since last request: 0.000245 seconds.
  path: Assets/VSPro/MyDefault1_billboards/billboardNormal_5018305c-c9f4-4eac-b176-c3b25ac46d8a.png
  artifactKey: Guid(dc29facdb58bda645a022818b18a5657) Importer(815301076,1909f56bfc062723c751e8b465ee728b)
Start importing Assets/VSPro/MyDefault1_billboards/billboardNormal_5018305c-c9f4-4eac-b176-c3b25ac46d8a.png using Guid(dc29facdb58bda645a022818b18a5657) Importer(815301076,1909f56bfc062723c751e8b465ee728b)  -> (artifact id: '7cbe52cd84489603f951bbc345b5ea20') in 0.014717 seconds
  Import took 0.019551 seconds .

========================================================================
Received Import Request.
  Time since last request: 0.000365 seconds.
  path: Assets/Medieval Mega Pack/MMP 1/Textures/Books 1 Met.png
  artifactKey: Guid(f59d663b9aabfca4e8477618a05b7005) Importer(815301076,1909f56bfc062723c751e8b465ee728b)
Start importing Assets/Medieval Mega Pack/MMP 1/Textures/Books 1 Met.png using Guid(f59d663b9aabfca4e8477618a05b7005) Importer(815301076,1909f56bfc062723c751e8b465ee728b)  -> (artifact id: '5bcb1df711071aa561e1a37822eaa54f') in 0.052048 seconds
  Import took 0.057677 seconds .

========================================================================
Received Import Request.
  Time since last request: 0.000228 seconds.
  path: Assets/VSPro/MyDefault1_billboards/billboardNormal_5018305c-c9f4-4eac-b176-c3b25ac46d8a.png
  artifactKey: Guid(dc29facdb58bda645a022818b18a5657) Importer(815301076,1909f56bfc062723c751e8b465ee728b)
Start importing Assets/VSPro/MyDefault1_billboards/billboardNormal_5018305c-c9f4-4eac-b176-c3b25ac46d8a.png using Guid(dc29facdb58bda645a022818b18a5657) Importer(815301076,1909f56bfc062723c751e8b465ee728b)  -> (artifact id: '7cbe52cd84489603f951bbc345b5ea20') in 0.034055 seconds
  Import took 0.038941 seconds .

========================================================================
Received Import Request.
  Time since last request: 0.000244 seconds.
  path: Assets/AwesomeTechnologies/VegetationStudioProDemo/DemoVegetationPackage_billboards/billboardNormal_d93015b3-55af-4e61-8ec3-8795c9a6474b.png
  artifactKey: Guid(e31506ab4972eed4c8ee13a7ba0508d3) Importer(815301076,1909f56bfc062723c751e8b465ee728b)
Start importing Assets/AwesomeTechnologies/VegetationStudioProDemo/DemoVegetationPackage_billboards/billboardNormal_d93015b3-55af-4e61-8ec3-8795c9a6474b.png using Guid(e31506ab4972eed4c8ee13a7ba0508d3) Importer(815301076,1909f56bfc062723c751e8b465ee728b)  -> (artifact id: '1d4066a9f4bef78e7941bf9652b333de') in 0.026771 seconds
  Import took 0.039988 seconds .

========================================================================
Received Import Request.
  Time since last request: 0.000340 seconds.
  path: Assets/VSPro/MyDefault1_billboards/billboardNormal_d4a06114-951a-426f-b178-51680b5152d4.png
  artifactKey: Guid(50c24ed9ecc0aac4b939a1b16d557117) Importer(815301076,1909f56bfc062723c751e8b465ee728b)
Start importing Assets/VSPro/MyDefault1_billboards/billboardNormal_d4a06114-951a-426f-b178-51680b5152d4.png using Guid(50c24ed9ecc0aac4b939a1b16d557117) Importer(815301076,1909f56bfc062723c751e8b465ee728b)  -> (artifact id: 'c28be3f4ecf87d287469e4d270ab3cb7') in 0.013562 seconds
  Import took 0.018701 seconds .

========================================================================
Received Import Request.
  Time since last request: 0.025100 seconds.
  path: Assets/AwesomeTechnologies/VegetationStudioProDemo/DemoVegetationPackage_billboards/billboardNormal_d93015b3-55af-4e61-8ec3-8795c9a6474b.png
  artifactKey: Guid(e31506ab4972eed4c8ee13a7ba0508d3) Importer(815301076,1909f56bfc062723c751e8b465ee728b)
Start importing Assets/AwesomeTechnologies/VegetationStudioProDemo/DemoVegetationPackage_billboards/billboardNormal_d93015b3-55af-4e61-8ec3-8795c9a6474b.png using Guid(e31506ab4972eed4c8ee13a7ba0508d3) Importer(815301076,1909f56bfc062723c751e8b465ee728b)  -> (artifact id: '1d4066a9f4bef78e7941bf9652b333de') in 0.013754 seconds
  Import took 0.018744 seconds .

========================================================================
Received Prepare
Registering precompiled user dll's ...
Registered in 0.003756 seconds.
Begin MonoManager ReloadAssembly
Native extension for WindowsStandalone target not found
Refreshing native plugins compatible for Editor in 1.01 ms, found 0 plugins.
Preloading 0 native plugins for Editor in 0.00 ms.
Mono: successfully reloaded assembly
- Completed reload, in  1.099 seconds
Platform modules already initialized, skipping
Shader 'Enviro/Lite/SkyboxSimple': fallback shader 'None' not found
Shader 'Enviro/Standard/SkyboxSimple': fallback shader 'None' not found
Refreshing native plugins compatible for Editor in 1.07 ms, found 0 plugins.
Preloading 0 native plugins for Editor in 0.00 ms.
Unloading 2059 Unused Serialized files (Serialized files now loaded: 0)
System memory in use before: 204.6 MB.
System memory in use after: 204.4 MB.

Unloading 11 unused Assets to reduce memory usage. Loaded Objects now: 2726.
Total: 4.373700 ms (FindLiveObjects: 0.359700 ms CreateObjectMapping: 0.091700 ms MarkObjects: 3.031300 ms  DeleteObjects: 0.888100 ms)

AssetImportWorkerClient::OnTransportError - code=2 error=End of file
